<?xml version="1.0" encoding="UTF-8"?>
<!-- Generated by org.testng.reporters.JUnitXMLReporter -->
<testsuite ignored="0" hostname="Akriti" failures="0" tests="3" name="Default test" time="9.639" errors="0" timestamp="2024-06-04T13:40:43 IST">
  <testcase classname="TestNPackage.OrangeHRMdemo" name="login" time="1.006"/>
  <testcase classname="TestNPackage.OrangeHRMdemo" name="verifyloginpage" time="2.309"/>
  <testcase classname="TestNPackage.OrangeHRMdemo" name="logout" time="6.263"/>
</testsuite> <!-- Default test -->
