<?xml version="1.0" encoding="UTF-8"?>
<testng-results ignored="0" total="3" passed="3" failed="0" skipped="0">
  <reporter-output>
  </reporter-output>
  <suite started-at="2024-06-04T13:40:33 IST" name="Default suite" finished-at="2024-06-04T13:40:43 IST" duration-ms="9639">
    <groups>
    </groups>
    <test started-at="2024-06-04T13:40:33 IST" name="Default test" finished-at="2024-06-04T13:40:43 IST" duration-ms="9639">
      <class name="TestNPackage.OrangeHRMdemo">
        <test-method is-config="true" signature="Setup()[pri:0, instance:TestNPackage.OrangeHRMdemo@5fdcaa40]" started-at="2024-06-04T13:40:22 IST" name="Setup" finished-at="2024-06-04T13:40:33 IST" duration-ms="11456" status="PASS">
          <reporter-output>
          </reporter-output>
        </test-method> <!-- Setup -->
        <test-method signature="login()[pri:1, instance:TestNPackage.OrangeHRMdemo@5fdcaa40]" started-at="2024-06-04T13:40:33 IST" name="login" finished-at="2024-06-04T13:40:34 IST" duration-ms="1006" status="PASS">
          <reporter-output>
          </reporter-output>
        </test-method> <!-- login -->
        <test-method signature="verifyloginpage()[pri:2, instance:TestNPackage.OrangeHRMdemo@5fdcaa40]" started-at="2024-06-04T13:40:34 IST" name="verifyloginpage" finished-at="2024-06-04T13:40:37 IST" duration-ms="2309" status="PASS">
          <reporter-output>
          </reporter-output>
        </test-method> <!-- verifyloginpage -->
        <test-method signature="logout()[pri:3, instance:TestNPackage.OrangeHRMdemo@5fdcaa40]" started-at="2024-06-04T13:40:37 IST" name="logout" finished-at="2024-06-04T13:40:43 IST" duration-ms="6263" status="PASS">
          <reporter-output>
          </reporter-output>
        </test-method> <!-- logout -->
        <test-method is-config="true" signature="closeBrowser()[pri:0, instance:TestNPackage.OrangeHRMdemo@5fdcaa40]" started-at="2024-06-04T13:40:43 IST" name="closeBrowser" finished-at="2024-06-04T13:40:44 IST" duration-ms="654" status="PASS">
          <reporter-output>
          </reporter-output>
        </test-method> <!-- closeBrowser -->
      </class> <!-- TestNPackage.OrangeHRMdemo -->
    </test> <!-- Default test -->
  </suite> <!-- Default suite -->
</testng-results>
